{"total": {"lines":{"total":741,"covered":741,"skipped":0,"pct":100},"statements":{"total":1486,"covered":1486,"skipped":0,"pct":100},"functions":{"total":339,"covered":339,"skipped":0,"pct":100},"branches":{"total":508,"covered":470,"skipped":0,"pct":92.51},"branchesTrue":{"total":0,"covered":0,"skipped":0,"pct":"Unknown"}}
,"/Users/calvin/calvinchengx/fabric-emulator/.claude/worktrees/portal-ts/portal/src/App.svelte": {"lines":{"total":38,"covered":38,"skipped":0,"pct":100},"functions":{"total":33,"covered":33,"skipped":0,"pct":100},"statements":{"total":92,"covered":92,"skipped":0,"pct":100},"branches":{"total":34,"covered":34,"skipped":0,"pct":100}}
,"/Users/calvin/calvinchengx/fabric-emulator/.claude/worktrees/portal-ts/portal/src/Capacities.svelte": {"lines":{"total":19,"covered":19,"skipped":0,"pct":100},"functions":{"total":9,"covered":9,"skipped":0,"pct":100},"statements":{"total":50,"covered":50,"skipped":0,"pct":100},"branches":{"total":6,"covered":6,"skipped":0,"pct":100}}
,"/Users/calvin/calvinchengx/fabric-emulator/.claude/worktrees/portal-ts/portal/src/Clock.svelte": {"lines":{"total":23,"covered":23,"skipped":0,"pct":100},"functions":{"total":12,"covered":12,"skipped":0,"pct":100},"statements":{"total":58,"covered":58,"skipped":0,"pct":100},"branches":{"total":10,"covered":9,"skipped":0,"pct":90}}
,"/Users/calvin/calvinchengx/fabric-emulator/.claude/worktrees/portal-ts/portal/src/Connections.svelte": {"lines":{"total":22,"covered":22,"skipped":0,"pct":100},"functions":{"total":9,"covered":9,"skipped":0,"pct":100},"statements":{"total":47,"covered":47,"skipped":0,"pct":100},"branches":{"total":13,"covered":12,"skipped":0,"pct":92.3}}
,"/Users/calvin/calvinchengx/fabric-emulator/.claude/worktrees/portal-ts/portal/src/Dashboard.svelte": {"lines":{"total":17,"covered":17,"skipped":0,"pct":100},"functions":{"total":10,"covered":10,"skipped":0,"pct":100},"statements":{"total":47,"covered":47,"skipped":0,"pct":100},"branches":{"total":4,"covered":4,"skipped":0,"pct":100}}
,"/Users/calvin/calvinchengx/fabric-emulator/.claude/worktrees/portal-ts/portal/src/Faults.svelte": {"lines":{"total":22,"covered":22,"skipped":0,"pct":100},"functions":{"total":10,"covered":10,"skipped":0,"pct":100},"statements":{"total":51,"covered":51,"skipped":0,"pct":100},"branches":{"total":4,"covered":4,"skipped":0,"pct":100}}
,"/Users/calvin/calvinchengx/fabric-emulator/.claude/worktrees/portal-ts/portal/src/Flow.svelte": {"lines":{"total":296,"covered":296,"skipped":0,"pct":100},"functions":{"total":111,"covered":111,"skipped":0,"pct":100},"statements":{"total":459,"covered":459,"skipped":0,"pct":100},"branches":{"total":236,"covered":218,"skipped":0,"pct":92.37}}
,"/Users/calvin/calvinchengx/fabric-emulator/.claude/worktrees/portal-ts/portal/src/Identities.svelte": {"lines":{"total":17,"covered":17,"skipped":0,"pct":100},"functions":{"total":9,"covered":9,"skipped":0,"pct":100},"statements":{"total":37,"covered":37,"skipped":0,"pct":100},"branches":{"total":4,"covered":4,"skipped":0,"pct":100}}
,"/Users/calvin/calvinchengx/fabric-emulator/.claude/worktrees/portal-ts/portal/src/Jobs.svelte": {"lines":{"total":23,"covered":23,"skipped":0,"pct":100},"functions":{"total":12,"covered":12,"skipped":0,"pct":100},"statements":{"total":61,"covered":61,"skipped":0,"pct":100},"branches":{"total":10,"covered":8,"skipped":0,"pct":80}}
,"/Users/calvin/calvinchengx/fabric-emulator/.claude/worktrees/portal-ts/portal/src/ModelDetail.svelte": {"lines":{"total":97,"covered":97,"skipped":0,"pct":100},"functions":{"total":49,"covered":49,"skipped":0,"pct":100},"statements":{"total":228,"covered":228,"skipped":0,"pct":100},"branches":{"total":70,"covered":68,"skipped":0,"pct":97.14}}
,"/Users/calvin/calvinchengx/fabric-emulator/.claude/worktrees/portal-ts/portal/src/Models.svelte": {"lines":{"total":25,"covered":25,"skipped":0,"pct":100},"functions":{"total":14,"covered":14,"skipped":0,"pct":100},"statements":{"total":53,"covered":53,"skipped":0,"pct":100},"branches":{"total":18,"covered":18,"skipped":0,"pct":100}}
,"/Users/calvin/calvinchengx/fabric-emulator/.claude/worktrees/portal-ts/portal/src/Operations.svelte": {"lines":{"total":19,"covered":19,"skipped":0,"pct":100},"functions":{"total":11,"covered":11,"skipped":0,"pct":100},"statements":{"total":45,"covered":45,"skipped":0,"pct":100},"branches":{"total":8,"covered":7,"skipped":0,"pct":87.5}}
,"/Users/calvin/calvinchengx/fabric-emulator/.claude/worktrees/portal-ts/portal/src/Shortcuts.svelte": {"lines":{"total":29,"covered":29,"skipped":0,"pct":100},"functions":{"total":13,"covered":13,"skipped":0,"pct":100},"statements":{"total":65,"covered":65,"skipped":0,"pct":100},"branches":{"total":23,"covered":16,"skipped":0,"pct":69.56}}
,"/Users/calvin/calvinchengx/fabric-emulator/.claude/worktrees/portal-ts/portal/src/Warehouse.svelte": {"lines":{"total":24,"covered":24,"skipped":0,"pct":100},"functions":{"total":4,"covered":4,"skipped":0,"pct":100},"statements":{"total":48,"covered":48,"skipped":0,"pct":100},"branches":{"total":12,"covered":12,"skipped":0,"pct":100}}
,"/Users/calvin/calvinchengx/fabric-emulator/.claude/worktrees/portal-ts/portal/src/Workspaces.svelte": {"lines":{"total":39,"covered":39,"skipped":0,"pct":100},"functions":{"total":18,"covered":18,"skipped":0,"pct":100},"statements":{"total":108,"covered":108,"skipped":0,"pct":100},"branches":{"total":33,"covered":27,"skipped":0,"pct":81.81}}
,"/Users/calvin/calvinchengx/fabric-emulator/.claude/worktrees/portal-ts/portal/src/api.js": {"lines":{"total":13,"covered":13,"skipped":0,"pct":100},"functions":{"total":7,"covered":7,"skipped":0,"pct":100},"statements":{"total":15,"covered":15,"skipped":0,"pct":100},"branches":{"total":11,"covered":11,"skipped":0,"pct":100}}
,"/Users/calvin/calvinchengx/fabric-emulator/.claude/worktrees/portal-ts/portal/src/eventKinds.ts": {"lines":{"total":5,"covered":5,"skipped":0,"pct":100},"functions":{"total":2,"covered":2,"skipped":0,"pct":100},"statements":{"total":5,"covered":5,"skipped":0,"pct":100},"branches":{"total":0,"covered":0,"skipped":0,"pct":100}}
,"/Users/calvin/calvinchengx/fabric-emulator/.claude/worktrees/portal-ts/portal/src/router.js": {"lines":{"total":13,"covered":13,"skipped":0,"pct":100},"functions":{"total":6,"covered":6,"skipped":0,"pct":100},"statements":{"total":17,"covered":17,"skipped":0,"pct":100},"branches":{"total":12,"covered":12,"skipped":0,"pct":100}}
}
